Command line:
   reg_mux_tb_isim_beh.exe
     -simmode  gui
     -simrunnum  0
     -socket  64862

Mon Mar 25 22:18:25 2024


 Elaboration Time: 0.03125 sec

 Current Memory Usage: 5150.66 Meg

 Total Signals          : 17
 Total Nets             : 31
 Total Signal Drivers   : 9
 Total Blocks           : 3
 Total Primitive Blocks : 2
 Total Processes        : 9
 Total Traceable Variables  : 9
 Total Scalar Nets and Variables : 392
Total Line Count : 10

 Total Simulation Time: 0.046875 sec

 Current Memory Usage: 5465.23 Meg

Mon Mar 25 22:18:56 2024

